nohup: ignoring input
Launching: Configs/GeneratedConfigs/EventRates_Enu_0.00to1.50.yaml -> Outputs/projections_outputs/loop//Projections_CC_Enu_0.00to1.50.root
Launching: Configs/GeneratedConfigs/EventRates_Enu_1.50to1.75.yaml -> Outputs/projections_outputs/loop//Projections_CC_Enu_1.50to1.75.root
Launching: Configs/GeneratedConfigs/EventRates_Enu_1.75to2.00.yaml -> Outputs/projections_outputs/loop//Projections_CC_Enu_1.75to2.00.root
Launching: Configs/GeneratedConfigs/EventRates_Enu_2.00to2.25.yaml -> Outputs/projections_outputs/loop//Projections_CC_Enu_2.00to2.25.root
Launching: Configs/GeneratedConfigs/EventRates_Enu_2.25to2.50.yaml -> Outputs/projections_outputs/loop//Projections_CC_Enu_2.25to2.50.root
Launching: Configs/GeneratedConfigs/EventRates_Enu_2.50to2.75.yaml -> Outputs/projections_outputs/loop//Projections_CC_Enu_2.50to2.75.root
Launching: Configs/GeneratedConfigs/EventRates_Enu_2.75to3.00.yaml -> Outputs/projections_outputs/loop//Projections_CC_Enu_2.75to3.00.root
Launching: Configs/GeneratedConfigs/EventRates_Enu_3.00to3.25.yaml -> Outputs/projections_outputs/loop//Projections_CC_Enu_3.00to3.25.root
Launching: Configs/GeneratedConfigs/EventRates_Enu_3.25to3.50.yaml -> Outputs/projections_outputs/loop//Projections_CC_Enu_3.25to3.50.root
Launching: Configs/GeneratedConfigs/EventRates_Enu_3.50to4.00.yaml -> Outputs/projections_outputs/loop//Projections_CC_Enu_3.50to4.00.root
Launching: Configs/GeneratedConfigs/EventRates_Enu_4.00to4.50.yaml -> Outputs/projections_outputs/loop//Projections_CC_Enu_4.00to4.50.root
Launching: Configs/GeneratedConfigs/EventRates_Enu_4.50to5.00.yaml -> Outputs/projections_outputs/loop//Projections_CC_Enu_4.50to5.00.root
Waiting for all background jobs to finish...
Jobs still running... sleeping for 10s
Jobs still running... sleeping for 10s
Jobs still running... sleeping for 10s
Jobs still running... sleeping for 10s
Jobs still running... sleeping for 10s
Jobs still running... sleeping for 10s
Jobs still running... sleeping for 10s
Jobs still running... sleeping for 10s
Jobs still running... sleeping for 10s
Jobs still running... sleeping for 10s
Jobs still running... sleeping for 10s
Jobs still running... sleeping for 10s
Jobs still running... sleeping for 10s
Jobs still running... sleeping for 10s
Jobs still running... sleeping for 10s
Jobs still running... sleeping for 10s
Jobs still running... sleeping for 10s
Jobs still running... sleeping for 10s
Jobs still running... sleeping for 10s
Jobs still running... sleeping for 10s
Jobs still running... sleeping for 10s
Jobs still running... sleeping for 10s
Jobs still running... sleeping for 10s
Jobs still running... sleeping for 10s
Jobs still running... sleeping for 10s
Jobs still running... sleeping for 10s
Jobs still running... sleeping for 10s
Jobs still running... sleeping for 10s
Jobs still running... sleeping for 10s
Jobs still running... sleeping for 10s
Jobs still running... sleeping for 10s
Jobs still running... sleeping for 10s
Jobs still running... sleeping for 10s
Jobs still running... sleeping for 10s
Jobs still running... sleeping for 10s
Jobs still running... sleeping for 10s
Jobs still running... sleeping for 10s
Jobs still running... sleeping for 10s
Jobs still running... sleeping for 10s
Jobs still running... sleeping for 10s
Jobs still running... sleeping for 10s
Jobs still running... sleeping for 10s
Jobs still running... sleeping for 10s
Jobs still running... sleeping for 10s
Jobs still running... sleeping for 10s
Jobs still running... sleeping for 10s
Jobs still running... sleeping for 10s
Jobs still running... sleeping for 10s
Jobs still running... sleeping for 10s
Jobs still running... sleeping for 10s
Jobs still running... sleeping for 10s
Jobs still running... sleeping for 10s
Jobs still running... sleeping for 10s
Jobs still running... sleeping for 10s
Jobs still running... sleeping for 10s
Jobs still running... sleeping for 10s
Jobs still running... sleeping for 10s
Jobs still running... sleeping for 10s
Jobs still running... sleeping for 10s
Jobs still running... sleeping for 10s
Jobs still running... sleeping for 10s
Jobs still running... sleeping for 10s
Jobs still running... sleeping for 10s
Jobs still running... sleeping for 10s
Jobs still running... sleeping for 10s
Jobs still running... sleeping for 10s
Jobs still running... sleeping for 10s
Jobs still running... sleeping for 10s
Jobs still running... sleeping for 10s
Jobs still running... sleeping for 10s
Jobs still running... sleeping for 10s
Jobs still running... sleeping for 10s
Jobs still running... sleeping for 10s
Jobs still running... sleeping for 10s
Jobs still running... sleeping for 10s
Jobs still running... sleeping for 10s
Jobs still running... sleeping for 10s
Jobs still running... sleeping for 10s
Jobs still running... sleeping for 10s
Jobs still running... sleeping for 10s
Jobs still running... sleeping for 10s
Jobs still running... sleeping for 10s
Jobs still running... sleeping for 10s
Jobs still running... sleeping for 10s
Jobs still running... sleeping for 10s
Jobs still running... sleeping for 10s
Jobs still running... sleeping for 10s
Jobs still running... sleeping for 10s
Jobs still running... sleeping for 10s
Jobs still running... sleeping for 10s
Jobs still running... sleeping for 10s
Jobs still running... sleeping for 10s
Jobs still running... sleeping for 10s
Jobs still running... sleeping for 10s
Jobs still running... sleeping for 10s
Jobs still running... sleeping for 10s
Jobs still running... sleeping for 10s
Jobs still running... sleeping for 10s
Jobs still running... sleeping for 10s
Jobs still running... sleeping for 10s
Jobs still running... sleeping for 10s
Jobs still running... sleeping for 10s
Jobs still running... sleeping for 10s
Jobs still running... sleeping for 10s
Jobs still running... sleeping for 10s
Jobs still running... sleeping for 10s
Jobs still running... sleeping for 10s
Jobs still running... sleeping for 10s
Jobs still running... sleeping for 10s
Jobs still running... sleeping for 10s
Jobs still running... sleeping for 10s
Jobs still running... sleeping for 10s
Jobs still running... sleeping for 10s
Jobs still running... sleeping for 10s
Jobs still running... sleeping for 10s
Jobs still running... sleeping for 10s
Jobs still running... sleeping for 10s
Jobs still running... sleeping for 10s
Jobs still running... sleeping for 10s
Jobs still running... sleeping for 10s
Jobs still running... sleeping for 10s
Jobs still running... sleeping for 10s
Jobs still running... sleeping for 10s
Jobs still running... sleeping for 10s
Jobs still running... sleeping for 10s
Jobs still running... sleeping for 10s
Jobs still running... sleeping for 10s
Jobs still running... sleeping for 10s
Jobs still running... sleeping for 10s
Jobs still running... sleeping for 10s
Jobs still running... sleeping for 10s
Jobs still running... sleeping for 10s
Jobs still running... sleeping for 10s
Jobs still running... sleeping for 10s
Jobs still running... sleeping for 10s
Jobs still running... sleeping for 10s
Jobs still running... sleeping for 10s
Jobs still running... sleeping for 10s
Jobs still running... sleeping for 10s
Jobs still running... sleeping for 10s
Jobs still running... sleeping for 10s
Jobs still running... sleeping for 10s
Jobs still running... sleeping for 10s
Jobs still running... sleeping for 10s
Jobs still running... sleeping for 10s
Jobs still running... sleeping for 10s
Jobs still running... sleeping for 10s
Jobs still running... sleeping for 10s
Jobs still running... sleeping for 10s
Jobs still running... sleeping for 10s
Jobs still running... sleeping for 10s
Jobs still running... sleeping for 10s
Jobs still running... sleeping for 10s
Jobs still running... sleeping for 10s
Jobs still running... sleeping for 10s
Jobs still running... sleeping for 10s
Jobs still running... sleeping for 10s
Jobs still running... sleeping for 10s
Jobs still running... sleeping for 10s
Jobs still running... sleeping for 10s
Jobs still running... sleeping for 10s
Jobs still running... sleeping for 10s
Jobs still running... sleeping for 10s
Jobs still running... sleeping for 10s
Jobs still running... sleeping for 10s
Jobs still running... sleeping for 10s
Jobs still running... sleeping for 10s
Jobs still running... sleeping for 10s
Jobs still running... sleeping for 10s
Jobs still running... sleeping for 10s
Jobs still running... sleeping for 10s
Jobs still running... sleeping for 10s
Jobs still running... sleeping for 10s
Jobs still running... sleeping for 10s
Jobs still running... sleeping for 10s
Jobs still running... sleeping for 10s
Jobs still running... sleeping for 10s
Jobs still running... sleeping for 10s
Jobs still running... sleeping for 10s
Jobs still running... sleeping for 10s
Jobs still running... sleeping for 10s
Jobs still running... sleeping for 10s
Jobs still running... sleeping for 10s
Jobs still running... sleeping for 10s
Jobs still running... sleeping for 10s
Jobs still running... sleeping for 10s
Jobs still running... sleeping for 10s
Jobs still running... sleeping for 10s
Jobs still running... sleeping for 10s
Jobs still running... sleeping for 10s
Jobs still running... sleeping for 10s
Jobs still running... sleeping for 10s
Jobs still running... sleeping for 10s
Jobs still running... sleeping for 10s
Jobs still running... sleeping for 10s
Jobs still running... sleeping for 10s
Jobs still running... sleeping for 10s
Jobs still running... sleeping for 10s
Jobs still running... sleeping for 10s
Jobs still running... sleeping for 10s
Jobs still running... sleeping for 10s
Jobs still running... sleeping for 10s
Jobs still running... sleeping for 10s
Jobs still running... sleeping for 10s
Jobs still running... sleeping for 10s
Jobs still running... sleeping for 10s
Jobs still running... sleeping for 10s
Jobs still running... sleeping for 10s
Jobs still running... sleeping for 10s
Jobs still running... sleeping for 10s
Jobs still running... sleeping for 10s
Jobs still running... sleeping for 10s
Jobs still running... sleeping for 10s
Jobs still running... sleeping for 10s
Jobs still running... sleeping for 10s
Jobs still running... sleeping for 10s
Jobs still running... sleeping for 10s
Jobs still running... sleeping for 10s
Jobs still running... sleeping for 10s
Jobs still running... sleeping for 10s
Jobs still running... sleeping for 10s
Jobs still running... sleeping for 10s
Jobs still running... sleeping for 10s
Jobs still running... sleeping for 10s
Jobs still running... sleeping for 10s
Jobs still running... sleeping for 10s
Jobs still running... sleeping for 10s
Jobs still running... sleeping for 10s
Jobs still running... sleeping for 10s
Jobs still running... sleeping for 10s
Jobs still running... sleeping for 10s
Jobs still running... sleeping for 10s
Jobs still running... sleeping for 10s
Jobs still running... sleeping for 10s
Jobs still running... sleeping for 10s
Jobs still running... sleeping for 10s
Jobs still running... sleeping for 10s
Jobs still running... sleeping for 10s
Jobs still running... sleeping for 10s
Jobs still running... sleeping for 10s
Jobs still running... sleeping for 10s
Jobs still running... sleeping for 10s
Jobs still running... sleeping for 10s
Jobs still running... sleeping for 10s
Jobs still running... sleeping for 10s
Jobs still running... sleeping for 10s
Jobs still running... sleeping for 10s
Jobs still running... sleeping for 10s
Jobs still running... sleeping for 10s
Jobs still running... sleeping for 10s
Jobs still running... sleeping for 10s
Jobs still running... sleeping for 10s
Jobs still running... sleeping for 10s
Jobs still running... sleeping for 10s
Jobs still running... sleeping for 10s
Jobs still running... sleeping for 10s
Jobs still running... sleeping for 10s
Jobs still running... sleeping for 10s
Jobs still running... sleeping for 10s
Jobs still running... sleeping for 10s
Jobs still running... sleeping for 10s
Jobs still running... sleeping for 10s
Jobs still running... sleeping for 10s
Jobs still running... sleeping for 10s
Jobs still running... sleeping for 10s
Jobs still running... sleeping for 10s
Jobs still running... sleeping for 10s
Jobs still running... sleeping for 10s
Jobs still running... sleeping for 10s
Jobs still running... sleeping for 10s
Jobs still running... sleeping for 10s
Jobs still running... sleeping for 10s
Jobs still running... sleeping for 10s
Jobs still running... sleeping for 10s
Jobs still running... sleeping for 10s
Jobs still running... sleeping for 10s
Jobs still running... sleeping for 10s
Jobs still running... sleeping for 10s
Jobs still running... sleeping for 10s
Jobs still running... sleeping for 10s
Jobs still running... sleeping for 10s
Jobs still running... sleeping for 10s
Jobs still running... sleeping for 10s
Jobs still running... sleeping for 10s
Jobs still running... sleeping for 10s
Jobs still running... sleeping for 10s
Jobs still running... sleeping for 10s
Jobs still running... sleeping for 10s
Jobs still running... sleeping for 10s
Jobs still running... sleeping for 10s
Jobs still running... sleeping for 10s
Jobs still running... sleeping for 10s
Jobs still running... sleeping for 10s
Jobs still running... sleeping for 10s
Jobs still running... sleeping for 10s
Jobs still running... sleeping for 10s
Jobs still running... sleeping for 10s
Jobs still running... sleeping for 10s
Jobs still running... sleeping for 10s
Jobs still running... sleeping for 10s
Jobs still running... sleeping for 10s
Jobs still running... sleeping for 10s
Jobs still running... sleeping for 10s
Jobs still running... sleeping for 10s
Jobs still running... sleeping for 10s
Jobs still running... sleeping for 10s
Jobs still running... sleeping for 10s
Jobs still running... sleeping for 10s
Jobs still running... sleeping for 10s
Jobs still running... sleeping for 10s
Jobs still running... sleeping for 10s
Jobs still running... sleeping for 10s
Jobs still running... sleeping for 10s
Jobs still running... sleeping for 10s
Jobs still running... sleeping for 10s
Jobs still running... sleeping for 10s
Jobs still running... sleeping for 10s
Jobs still running... sleeping for 10s
Jobs still running... sleeping for 10s
Jobs still running... sleeping for 10s
Jobs still running... sleeping for 10s
Jobs still running... sleeping for 10s
Jobs still running... sleeping for 10s
Jobs still running... sleeping for 10s
Jobs still running... sleeping for 10s
Jobs still running... sleeping for 10s
Jobs still running... sleeping for 10s
Jobs still running... sleeping for 10s
Jobs still running... sleeping for 10s
Jobs still running... sleeping for 10s
Jobs still running... sleeping for 10s
Jobs still running... sleeping for 10s
Jobs still running... sleeping for 10s
Jobs still running... sleeping for 10s
Jobs still running... sleeping for 10s
Jobs still running... sleeping for 10s
Jobs still running... sleeping for 10s
Jobs still running... sleeping for 10s
Jobs still running... sleeping for 10s
Jobs still running... sleeping for 10s
Jobs still running... sleeping for 10s
Jobs still running... sleeping for 10s
Jobs still running... sleeping for 10s
Jobs still running... sleeping for 10s
Jobs still running... sleeping for 10s
Jobs still running... sleeping for 10s
Jobs still running... sleeping for 10s
Jobs still running... sleeping for 10s
Jobs still running... sleeping for 10s
Jobs still running... sleeping for 10s
Jobs still running... sleeping for 10s
Jobs still running... sleeping for 10s
Jobs still running... sleeping for 10s
Jobs still running... sleeping for 10s
Jobs still running... sleeping for 10s
Jobs still running... sleeping for 10s
Jobs still running... sleeping for 10s
Jobs still running... sleeping for 10s
Jobs still running... sleeping for 10s
Jobs still running... sleeping for 10s
Jobs still running... sleeping for 10s
Jobs still running... sleeping for 10s
Jobs still running... sleeping for 10s
Jobs still running... sleeping for 10s
Jobs still running... sleeping for 10s
Jobs still running... sleeping for 10s
Jobs still running... sleeping for 10s
Jobs still running... sleeping for 10s
Jobs still running... sleeping for 10s
Jobs still running... sleeping for 10s
Jobs still running... sleeping for 10s
Jobs still running... sleeping for 10s
Jobs still running... sleeping for 10s
Jobs still running... sleeping for 10s
Jobs still running... sleeping for 10s
Jobs still running... sleeping for 10s
Jobs still running... sleeping for 10s
Jobs still running... sleeping for 10s
Jobs still running... sleeping for 10s
Jobs still running... sleeping for 10s
Jobs still running... sleeping for 10s
Jobs still running... sleeping for 10s
Jobs still running... sleeping for 10s
Jobs still running... sleeping for 10s
Jobs still running... sleeping for 10s
Jobs still running... sleeping for 10s
Jobs still running... sleeping for 10s
Jobs still running... sleeping for 10s
Jobs still running... sleeping for 10s
Jobs still running... sleeping for 10s
Jobs still running... sleeping for 10s
Jobs still running... sleeping for 10s
Jobs still running... sleeping for 10s
Jobs still running... sleeping for 10s
Jobs still running... sleeping for 10s
Jobs still running... sleeping for 10s
Jobs still running... sleeping for 10s
Jobs still running... sleeping for 10s
Jobs still running... sleeping for 10s
Jobs still running... sleeping for 10s
Jobs still running... sleeping for 10s
Jobs still running... sleeping for 10s
Jobs still running... sleeping for 10s
Jobs still running... sleeping for 10s
Jobs still running... sleeping for 10s
Jobs still running... sleeping for 10s
Jobs still running... sleeping for 10s
Jobs still running... sleeping for 10s
Jobs still running... sleeping for 10s
Jobs still running... sleeping for 10s
Jobs still running... sleeping for 10s
Jobs still running... sleeping for 10s
Jobs still running... sleeping for 10s
Jobs still running... sleeping for 10s
Jobs still running... sleeping for 10s
Jobs still running... sleeping for 10s
Jobs still running... sleeping for 10s
Jobs still running... sleeping for 10s
Jobs still running... sleeping for 10s
Jobs still running... sleeping for 10s
Jobs still running... sleeping for 10s
Jobs still running... sleeping for 10s
Jobs still running... sleeping for 10s
Jobs still running... sleeping for 10s
Jobs still running... sleeping for 10s
Jobs still running... sleeping for 10s
Jobs still running... sleeping for 10s
Jobs still running... sleeping for 10s
Jobs still running... sleeping for 10s
Jobs still running... sleeping for 10s
Jobs still running... sleeping for 10s
Jobs still running... sleeping for 10s
Jobs still running... sleeping for 10s
Jobs still running... sleeping for 10s
Jobs still running... sleeping for 10s
Jobs still running... sleeping for 10s
Jobs still running... sleeping for 10s
Jobs still running... sleeping for 10s
Jobs still running... sleeping for 10s
Jobs still running... sleeping for 10s
Jobs still running... sleeping for 10s
Jobs still running... sleeping for 10s
Jobs still running... sleeping for 10s
Jobs still running... sleeping for 10s
Jobs still running... sleeping for 10s
Jobs still running... sleeping for 10s
Jobs still running... sleeping for 10s
Jobs still running... sleeping for 10s
Jobs still running... sleeping for 10s
Jobs still running... sleeping for 10s
Jobs still running... sleeping for 10s
Jobs still running... sleeping for 10s
Jobs still running... sleeping for 10s
Jobs still running... sleeping for 10s
Jobs still running... sleeping for 10s
Jobs still running... sleeping for 10s
Jobs still running... sleeping for 10s
Jobs still running... sleeping for 10s
Jobs still running... sleeping for 10s
Jobs still running... sleeping for 10s
Jobs still running... sleeping for 10s
Jobs still running... sleeping for 10s
Jobs still running... sleeping for 10s
Jobs still running... sleeping for 10s
Jobs still running... sleeping for 10s
Jobs still running... sleeping for 10s
Jobs still running... sleeping for 10s
Jobs still running... sleeping for 10s
Jobs still running... sleeping for 10s
Jobs still running... sleeping for 10s
Jobs still running... sleeping for 10s
Jobs still running... sleeping for 10s
Jobs still running... sleeping for 10s
Jobs still running... sleeping for 10s
Jobs still running... sleeping for 10s
Jobs still running... sleeping for 10s
Jobs still running... sleeping for 10s
Jobs still running... sleeping for 10s
Jobs still running... sleeping for 10s
Jobs still running... sleeping for 10s
Jobs still running... sleeping for 10s
Jobs still running... sleeping for 10s
Jobs still running... sleeping for 10s
Jobs still running... sleeping for 10s
Jobs still running... sleeping for 10s
Jobs still running... sleeping for 10s
Jobs still running... sleeping for 10s
All projections completed.
Running ROOT macro for roughness analysis...

Processing Scripts/q0q3loop/calc_roughness.C...
All done!
